<?xml version="1.0" encoding="UTF-8"?>
<testng-results skipped="0" failed="0" ignored="0" total="2" passed="2">
  <reporter-output>
  </reporter-output>
  <suite name="Default suite" duration-ms="43832" started-at="2019-10-17T14:53:52Z" finished-at="2019-10-17T14:54:36Z">
    <groups>
    </groups>
    <test name="Default test" duration-ms="43832" started-at="2019-10-17T14:53:52Z" finished-at="2019-10-17T14:54:36Z">
      <class name="com.crm.qa.testcases.HomePageTest">
        <test-method status="PASS" signature="setUp()[pri:0, instance:com.crm.qa.testcases.HomePageTest@57baeedf]" name="setUp" is-config="true" duration-ms="19487" started-at="2019-10-17T14:53:52Z" finished-at="2019-10-17T14:54:11Z">
          <reporter-output>
          </reporter-output>
        </test-method> <!-- setUp -->
        <test-method status="PASS" signature="verifyHomePageTitle()[pri:1, instance:com.crm.qa.testcases.HomePageTest@57baeedf]" name="verifyHomePageTitle" duration-ms="47" started-at="2019-10-17T14:54:11Z" finished-at="2019-10-17T14:54:11Z">
          <reporter-output>
          </reporter-output>
        </test-method> <!-- verifyHomePageTitle -->
        <test-method status="PASS" signature="tearDown()[pri:0, instance:com.crm.qa.testcases.HomePageTest@57baeedf]" name="tearDown" is-config="true" duration-ms="2037" started-at="2019-10-17T14:54:11Z" finished-at="2019-10-17T14:54:13Z">
          <reporter-output>
          </reporter-output>
        </test-method> <!-- tearDown -->
        <test-method status="PASS" signature="setUp()[pri:0, instance:com.crm.qa.testcases.HomePageTest@57baeedf]" name="setUp" is-config="true" duration-ms="20758" started-at="2019-10-17T14:54:13Z" finished-at="2019-10-17T14:54:34Z">
          <reporter-output>
          </reporter-output>
        </test-method> <!-- setUp -->
        <test-method status="PASS" signature="verifyUserNameValue()[pri:2, instance:com.crm.qa.testcases.HomePageTest@57baeedf]" name="verifyUserNameValue" duration-ms="52" started-at="2019-10-17T14:54:34Z" finished-at="2019-10-17T14:54:34Z">
          <reporter-output>
          </reporter-output>
        </test-method> <!-- verifyUserNameValue -->
        <test-method status="PASS" signature="tearDown()[pri:0, instance:com.crm.qa.testcases.HomePageTest@57baeedf]" name="tearDown" is-config="true" duration-ms="1411" started-at="2019-10-17T14:54:34Z" finished-at="2019-10-17T14:54:36Z">
          <reporter-output>
          </reporter-output>
        </test-method> <!-- tearDown -->
      </class> <!-- com.crm.qa.testcases.HomePageTest -->
    </test> <!-- Default test -->
  </suite> <!-- Default suite -->
</testng-results>
