<?xml version="1.0" encoding="UTF-8"?>
<!-- Generated by org.testng.reporters.JUnitXMLReporter -->
<testsuite hostname="USHYDANCHAND7" ignored="0" name="Free CRM Dummy Scripts" tests="5" failures="0" timestamp="16 Oct 2019 15:23:22 GMT" time="84.039" errors="0">
  <testcase name="loginPageTitleTest" time="0.028" classname="com.crm.qa.testcases.LoginPageTest"/>
  <testcase name="verifyHomePageTitle" time="0.034" classname="com.crm.qa.testcases.HomePageTest"/>
  <testcase name="loginTest" time="9.079" classname="com.crm.qa.testcases.LoginPageTest"/>
  <testcase name="verifyUserNameValue" time="0.065" classname="com.crm.qa.testcases.HomePageTest"/>
  <testcase name="clickContactsLink" time="0.186" classname="com.crm.qa.testcases.HomePageTest"/>
</testsuite> <!-- Free CRM Dummy Scripts -->
